<?xml version="1.0" encoding="UTF-8"?>
<!-- Generated by org.testng.reporters.JUnitXMLReporter -->
<testsuite ignored="0" hostname="DESKTOP-2PN8K12" failures="0" tests="3" name="Test" time="27.279" errors="0" timestamp="2024-10-25T16:03:39 IST">
  <testcase classname="testCases.AssignLeaveTest" name="verifyAssignLeavebtn" time="5.656"/>
  <testcase classname="testCases.AssignLeaveTest" name="verifyInvalidEmployeename" time="3.369"/>
  <testcase classname="testCases.AssignLeaveTest" name="verifyLeaveTypeOption" time="0.387"/>
</testsuite> <!-- Test -->
