<?xml version="1.0" encoding="UTF-8"?>
<!-- Generated by org.testng.reporters.JUnitXMLReporter -->
<testsuite ignored="0" hostname="DESKTOP-2PN8K12" failures="0" tests="3" name="Default test" time="20.795" errors="0" timestamp="2024-10-22T20:44:28 IST">
  <testcase classname="testCases.AssignLeaveTest" name="verifyAssignLeavebtn" time="4.072"/>
  <testcase classname="testCases.AssignLeaveTest" name="verifyInvalidEmployeename" time="2.626"/>
  <testcase classname="testCases.AssignLeaveTest" name="verifyLeaveTypeOption" time="0.488"/>
</testsuite> <!-- Default test -->
