<?xml version="1.0" encoding="UTF-8"?>
<!-- Generated by org.testng.reporters.JUnitXMLReporter -->
<testsuite ignored="0" hostname="DESKTOP-2PN8K12" failures="2" tests="10" name="Test" time="80.412" errors="0" timestamp="2024-10-25T00:03:43 IST">
  <testcase classname="testCases.AssignLeaveTest" name="verifyAssignLeavebtn" time="4.924"/>
  <testcase classname="testCases.AssignLeaveTest" name="verifyInvalidEmployeename" time="3.321"/>
  <testcase classname="testCases.AssignLeaveTest" name="verifyLeaveTypeOption" time="0.88"/>
  <testcase classname="testCases.TC_001_DataProviderLoginTest" name="testLoginData" time="5.799"/>
  <testcase classname="testCases.TC_001_DataProviderLoginTest" name="testLoginData" time="2.234">
    <failure type="java.lang.AssertionError" message="expected [true] but found [false]">
      <![CDATA[java.lang.AssertionError: expected [true] but found [false]
at testCases.TC_001_DataProviderLoginTest.testLoginData(TC_001_DataProviderLoginTest.java:43)
at java.base/java.util.ArrayList.forEach(ArrayList.java:1596)
... Removed 29 stack frames]]>
    </failure>
  </testcase> <!-- testLoginData -->
  <testcase classname="testCases.TC_001_DataProviderLoginTest" name="testLoginData" time="4.132">
    <failure type="java.lang.AssertionError" message="expected [true] but found [false]">
      <![CDATA[java.lang.AssertionError: expected [true] but found [false]
at testCases.TC_001_DataProviderLoginTest.testLoginData(TC_001_DataProviderLoginTest.java:50)
at java.base/java.util.ArrayList.forEach(ArrayList.java:1596)
... Removed 29 stack frames]]>
    </failure>
  </testcase> <!-- testLoginData -->
  <testcase classname="testCases.TC_001_DataProviderLoginTest" name="testLoginData" time="2.891"/>
  <testcase classname="testCases.TC_LoginTest" name="testLogin" time="4.659"/>
  <testcase classname="testCases.TC_LoginTest" name="testLoginNegative" time="3.404"/>
  <testcase classname="testCases.TC_LoginTest" name="testLoginNegative" time="2.099"/>
</testsuite> <!-- Test -->
