<?xml version="1.0" encoding="UTF-8"?>
<!-- Generated by org.testng.reporters.JUnitXMLReporter -->
<testsuite ignored="0" hostname="DESKTOP-2PN8K12" failures="0" tests="3" name="ChromeTest" time="39.274" errors="0" timestamp="2024-10-23T20:46:56 IST">
  <testcase classname="testCases.TC_LoginTest" name="testLogin" time="7.673"/>
  <testcase classname="testCases.TC_LoginTest" name="testLoginNegative" time="3.672"/>
  <testcase classname="testCases.TC_LoginTest" name="testLoginNegative" time="3.236"/>
</testsuite> <!-- ChromeTest -->
