<?xml version="1.0" encoding="UTF-8"?>
<!-- Generated by org.testng.reporters.JUnitXMLReporter -->
<testsuite ignored="0" hostname="DESKTOP-2PN8K12" failures="0" tests="3" name="EdgeTest" time="48.564" errors="0" timestamp="2024-10-23T20:47:05 IST">
  <testcase classname="testCases.TC_LoginTest" name="testLogin" time="8.891"/>
  <testcase classname="testCases.TC_LoginTest" name="testLoginNegative" time="3.12"/>
  <testcase classname="testCases.TC_LoginTest" name="testLoginNegative" time="2.042"/>
</testsuite> <!-- EdgeTest -->
