<?xml version="1.0" encoding="UTF-8"?>
<!-- Generated by org.testng.reporters.JUnitXMLReporter -->
<testsuite ignored="0" hostname="DESKTOP-2PN8K12" failures="0" tests="3" name="FirefoxTest" time="54.259" errors="0" timestamp="2024-10-23T20:47:11 IST">
  <testcase classname="testCases.TC_LoginTest" name="testLogin" time="6.238"/>
  <testcase classname="testCases.TC_LoginTest" name="testLoginNegative" time="3.158"/>
  <testcase classname="testCases.TC_LoginTest" name="testLoginNegative" time="1.619"/>
</testsuite> <!-- FirefoxTest -->
