<?xml version="1.0" encoding="UTF-8"?>
<!-- Generated by org.testng.reporters.JUnitXMLReporter -->
<testsuite ignored="0" hostname="DESKTOP-2PN8K12" failures="2" tests="10" name="Test" time="84.599" errors="0" timestamp="2024-10-23T20:09:40 IST">
  <testcase classname="testCases.AssignLeaveTest" name="verifyAssignLeavebtn" time="6.722"/>
  <testcase classname="testCases.AssignLeaveTest" name="verifyInvalidEmployeename" time="3.581"/>
  <testcase classname="testCases.AssignLeaveTest" name="verifyLeaveTypeOption" time="0.53"/>
  <testcase classname="testCases.TC_001_DataProviderLoginTest" name="testLoginData" time="6.437"/>
  <testcase classname="testCases.TC_001_DataProviderLoginTest" name="testLoginData" time="3.111">
    <failure type="java.lang.AssertionError" message="expected [true] but found [false]">
      <![CDATA[java.lang.AssertionError: expected [true] but found [false]
at testCases.TC_001_DataProviderLoginTest.testLoginData(TC_001_DataProviderLoginTest.java:43)
at java.base/java.util.ArrayList.forEach(ArrayList.java:1596)
... Removed 29 stack frames]]>
    </failure>
  </testcase> <!-- testLoginData -->
  <testcase classname="testCases.TC_001_DataProviderLoginTest" name="testLoginData" time="8.505">
    <failure type="java.lang.AssertionError" message="expected [true] but found [false]">
      <![CDATA[java.lang.AssertionError: expected [true] but found [false]
at testCases.TC_001_DataProviderLoginTest.testLoginData(TC_001_DataProviderLoginTest.java:50)
at java.base/java.util.ArrayList.forEach(ArrayList.java:1596)
... Removed 29 stack frames]]>
    </failure>
  </testcase> <!-- testLoginData -->
  <testcase classname="testCases.TC_001_DataProviderLoginTest" name="testLoginData" time="2.182"/>
  <testcase classname="testCases.TC_LoginTest" name="testLogin" time="5.172"/>
  <testcase classname="testCases.TC_LoginTest" name="testLoginNegative" time="2.737"/>
  <testcase classname="testCases.TC_LoginTest" name="testLoginNegative" time="1.792"/>
</testsuite> <!-- Test -->
