<?xml version="1.0" encoding="UTF-8"?>
<testng-results ignored="0" total="3" passed="3" failed="0" skipped="0">
  <reporter-output>
  </reporter-output>
  <suite started-at="2024-10-25T16:03:10 IST" name="Master Suite" finished-at="2024-10-25T16:03:37 IST" duration-ms="27279">
    <groups>
      <group name="Master">
        <method signature="AssignLeaveTest.verifyAssignLeavebtn()[pri:1, instance:testCases.AssignLeaveTest@245b4bdc]" name="verifyAssignLeavebtn" class="testCases.AssignLeaveTest"/>
        <method signature="AssignLeaveTest.verifyInvalidEmployeename()[pri:2, instance:testCases.AssignLeaveTest@245b4bdc]" name="verifyInvalidEmployeename" class="testCases.AssignLeaveTest"/>
        <method signature="AssignLeaveTest.verifyLeaveTypeOption()[pri:3, instance:testCases.AssignLeaveTest@245b4bdc]" name="verifyLeaveTypeOption" class="testCases.AssignLeaveTest"/>
      </group> <!-- Master -->
      <group name="Sanity">
        <method signature="AssignLeaveTest.verifyAssignLeavebtn()[pri:1, instance:testCases.AssignLeaveTest@245b4bdc]" name="verifyAssignLeavebtn" class="testCases.AssignLeaveTest"/>
      </group> <!-- Sanity -->
    </groups>
    <test started-at="2024-10-25T16:03:10 IST" name="Test" finished-at="2024-10-25T16:03:37 IST" duration-ms="27279">
      <class name="testCases.AssignLeaveTest">
        <test-method is-config="true" signature="testSetUp(java.lang.String,java.lang.String)[pri:0, instance:testCases.AssignLeaveTest@245b4bdc]" started-at="2024-10-25T16:03:10 IST" name="testSetUp" finished-at="2024-10-25T16:03:27 IST" duration-ms="16889" status="PASS">
          <params>
            <param index="0">
              <value>
                <![CDATA[chrome]]>
              </value>
            </param>
            <param index="1">
              <value>
                <![CDATA[windows]]>
              </value>
            </param>
          </params>
          <reporter-output>
          </reporter-output>
        </test-method> <!-- testSetUp -->
        <test-method signature="verifyAssignLeavebtn()[pri:1, instance:testCases.AssignLeaveTest@245b4bdc]" started-at="2024-10-25T16:03:27 IST" name="verifyAssignLeavebtn" finished-at="2024-10-25T16:03:33 IST" duration-ms="5656" status="PASS">
          <reporter-output>
          </reporter-output>
        </test-method> <!-- verifyAssignLeavebtn -->
        <test-method signature="verifyInvalidEmployeename()[pri:2, instance:testCases.AssignLeaveTest@245b4bdc]" started-at="2024-10-25T16:03:33 IST" name="verifyInvalidEmployeename" finished-at="2024-10-25T16:03:36 IST" depends-on-methods="testCases.AssignLeaveTest.verifyAssignLeavebtn" duration-ms="3369" status="PASS">
          <reporter-output>
          </reporter-output>
        </test-method> <!-- verifyInvalidEmployeename -->
        <test-method signature="verifyLeaveTypeOption()[pri:3, instance:testCases.AssignLeaveTest@245b4bdc]" started-at="2024-10-25T16:03:36 IST" name="verifyLeaveTypeOption" finished-at="2024-10-25T16:03:36 IST" depends-on-methods="testCases.AssignLeaveTest.verifyAssignLeavebtn" duration-ms="387" status="PASS">
          <reporter-output>
          </reporter-output>
        </test-method> <!-- verifyLeaveTypeOption -->
        <test-method is-config="true" signature="tearDown()[pri:0, instance:testCases.AssignLeaveTest@245b4bdc]" started-at="2024-10-25T16:03:36 IST" name="tearDown" finished-at="2024-10-25T16:03:37 IST" duration-ms="427" status="PASS">
          <reporter-output>
          </reporter-output>
        </test-method> <!-- tearDown -->
      </class> <!-- testCases.AssignLeaveTest -->
    </test> <!-- Test -->
  </suite> <!-- Master Suite -->
</testng-results>
